<?xml version="1.0" encoding="UTF-8"?>
<!-- Generated by org.testng.reporters.JUnitXMLReporter -->
<testsuite ignored="0" hostname="LAPTOP-DFDTRN2Q" failures="2" tests="4" name="RetryMultipleFailedTestCases" time="24.443" errors="0" timestamp="2022-04-23T11:31:04 IST">
  <testcase classname="RetryCases.TestCases" name="Click" time="2.654"/>
  <testcase classname="RetryCases.TestCases" name="Titletest" time="0.012">
    <failure type="java.lang.AssertionError" message="title not matched expected [Google In] but found [Google]">
      <![CDATA[java.lang.AssertionError: title not matched expected [Google In] but found [Google]
at RetryCases.TestCases.Titletest(TestCases.java:29)
at java.base/java.util.ArrayList.forEach(ArrayList.java:1511)
... Removed 32 stack frames]]>
    </failure>
  </testcase> <!-- Titletest -->
  <testcase classname="RetryCases.TestCases" name="displayTest" time="0.057"/>
  <testcase classname="RetryCases.TestCases" name="enableTest" time="4.067">
    <failure type="java.lang.AssertionError" message="expected [true] but found [false]">
      <![CDATA[java.lang.AssertionError: expected [true] but found [false]
at RetryCases.TestCases.enableTest(TestCases.java:49)
at java.base/java.util.ArrayList.forEach(ArrayList.java:1511)
... Removed 31 stack frames]]>
    </failure>
  </testcase> <!-- enableTest -->
</testsuite> <!-- RetryMultipleFailedTestCases -->
